1727284039,,,/home/bosse/Videos/Anime's/KS_ 626.mp4,51
1727284104,,,/home/bosse/Videos/Anime's/KS_ 626.mp4,51
1727284252,,,/home/bosse/Videos/Anime's/KS_ 626.mp4,51
1727284560,44,The.Flash.S01.720p.BluRay.x264.299MB-PaHe.in,/home/bosse/Videos/Movies/Batchindo_Flsh S1 16 - 23/Batchindo_the.flash.s01e16.720p.bluray.x264.299mb.mkv,164
1727285454,,,/home/bosse/.local/share/Cryptomator/mnt/Secret/18+/[NekoPoi]_Bitch_na_In_ane-sama_-_01_[720P][nekopoi.care].mp4,125
1727287051,,,/home/bosse/Videos/Anime's/other/[NekoPoi]_Dropout_-_01_[720P].mp4,79
1727287087,,,/home/bosse/Videos/Anime's/other/[NekoPoi]_Dropout_-_01_[720P].mp4,79
1727287892,,,/home/bosse/Videos/Anime's/other/[NekoPoi]_Dropout_-_01_[720P].mp4,79
1727287945,,,/home/bosse/Videos/Anime's/other/[NekoPoi]_Dropout_-_01_[720P].mp4,79
1727288137,,,/home/bosse/Videos/Anime's/other/[NekoPoi]_Dropout_-_01_[720P].mp4,79
1727288848,,,/home/bosse/Videos/Anime's/other/[NekoPoi]_Dropout_-_01_[720P].mp4,79
1727288906,,,/home/bosse/Videos/Anime's/other/[NekoPoi]_Dropout_-_01_[720P].mp4,79
1727289608,,,/home/bosse/Videos/Anime's/other/[NekoPoi]_Dropout_-_01_[720P].mp4,79
1727289994,,,/home/bosse/Videos/Anime's/other/[NekoPoi]_Dropout_-_02_[720P].mp4,79
1727342562,,,/home/bosse/Videos/Anime's/KS_ 626.mp4,51
1727342657,,,/home/bosse/Videos/Anime's/KS_ 626.mp4,51
1727342676,,,/home/bosse/Videos/Anime's/KS_ 626.mp4,51
1727342786,,,/home/bosse/Videos/Anime's/[Kusonime] - 1075.mkv,61
1727438149,,,/home/bosse/Downloads/Her (2013) (1080p BluRay x265 HEVC 10bit AAC 5.1 afm72)/Her (2013) (1080p BluRay x265 afm72).mkv,131
1727588606,12,S01E01-EMBER,/home/bosse/Downloads/Videos/Log Horizon S01-S03 1080p Dual Audio BDRip 10 bits DD x265-EMBER/Log Horizon S01 1080p Dual Audio BDRip 10 bits DD x265-EMBER/S01E01-The Apocalypse [0E093C90].mkv,218
1727976456,12,S01E01-EMBER,/home/bosse/Downloads/Videos/Log Horizon S01-S03 1080p Dual Audio BDRip 10 bits DD x265-EMBER/Log Horizon S01 1080p Dual Audio BDRip 10 bits DD x265-EMBER/S01E01-The Apocalypse [0E093C90].mkv,218
1727976786,12,S01E01-EMBER,/home/bosse/Downloads/Videos/Log Horizon S01-S03 1080p Dual Audio BDRip 10 bits DD x265-EMBER/Log Horizon S01 1080p Dual Audio BDRip 10 bits DD x265-EMBER/S01E01-The Apocalypse [0E093C90].mkv,218
1727977080,12,S01E01-EMBER,/home/bosse/Downloads/Videos/Log Horizon S01-S03 1080p Dual Audio BDRip 10 bits DD x265-EMBER/Log Horizon S01 1080p Dual Audio BDRip 10 bits DD x265-EMBER/S01E01-The Apocalypse [0E093C90].mkv,218
1727977906,,,/home/bosse/Videos/Anime/KS_ 626.mp4,49
1727978002,12,S01E01-EMBER,/home/bosse/Videos/Anime/Log Horizon S01 1080p Dual Audio BDRip 10 bits DD x265-EMBER/S01E01-The Apocalypse [0E093C90].mkv,149
1727978086,12,S01E01-EMBER,/home/bosse/Videos/Anime/Log Horizon S01 1080p Dual Audio BDRip 10 bits DD x265-EMBER/S01E01-The Apocalypse [0E093C90].mkv,149
1727983039,12,S01E01-EMBER,/home/bosse/Videos/Anime/Log Horizon S01 1080p Dual Audio BDRip 10 bits DD x265-EMBER/S01E01-The Apocalypse [0E093C90].mkv,149
1727983204,12,S01E01-EMBER,/home/bosse/Videos/Anime/Log Horizon S01 1080p Dual Audio BDRip 10 bits DD x265-EMBER/S01E01-The Apocalypse [0E093C90].mkv,149
1727983435,12,S01E01-EMBER,/home/bosse/Videos/Anime/Log Horizon S01 1080p Dual Audio BDRip 10 bits DD x265-EMBER/S01E01-The Apocalypse [0E093C90].mkv,149
1727983703,12,S01E01-EMBER,/home/bosse/Videos/Anime/Log Horizon S01 1080p Dual Audio BDRip 10 bits DD x265-EMBER/S01E01-The Apocalypse [0E093C90].mkv,149
1727983835,12,S01E01-EMBER,/home/bosse/Videos/Anime/Log Horizon S01 1080p Dual Audio BDRip 10 bits DD x265-EMBER/S01E01-The Apocalypse [0E093C90].mkv,149
1727983839,12,S01E01-EMBER,/home/bosse/Videos/Anime/Log Horizon S01 1080p Dual Audio BDRip 10 bits DD x265-EMBER/S01E01-The Apocalypse [0E093C90].mkv,149
1727984196,12,S01E01-EMBER,/home/bosse/Videos/Anime/Log Horizon S01 1080p Dual Audio BDRip 10 bits DD x265-EMBER/S01E01-The Apocalypse [0E093C90].mkv,149
1727984211,12,S01E01-EMBER,/home/bosse/Videos/Anime/Log Horizon S01 1080p Dual Audio BDRip 10 bits DD x265-EMBER/S01E01-The Apocalypse [0E093C90].mkv,149
1727984212,12,S01E02-EMBER,/home/bosse/Videos/Anime/Log Horizon S01 1080p Dual Audio BDRip 10 bits DD x265-EMBER/S01E02-The Battle of Loka [775556DB].mkv,153
1727984234,12,S01E01-EMBER,/home/bosse/Videos/Anime/Log Horizon S01 1080p Dual Audio BDRip 10 bits DD x265-EMBER/S01E01-The Apocalypse [0E093C90].mkv,149
1727984237,12,S01E01-EMBER,/home/bosse/Videos/Anime/Log Horizon S01 1080p Dual Audio BDRip 10 bits DD x265-EMBER/S01E01-The Apocalypse [0E093C90].mkv,149
1727984241,12,S01E01-EMBER,/home/bosse/Videos/Anime/Log Horizon S01 1080p Dual Audio BDRip 10 bits DD x265-EMBER/S01E01-The Apocalypse [0E093C90].mkv,149
1727984345,12,S01E01-EMBER,/home/bosse/Videos/Anime/Log Horizon S01 1080p Dual Audio BDRip 10 bits DD x265-EMBER/S01E01-The Apocalypse [0E093C90].mkv,149
1727984422,12,S01E01-EMBER,/home/bosse/Videos/Anime/Log Horizon S01 1080p Dual Audio BDRip 10 bits DD x265-EMBER/S01E01-The Apocalypse [0E093C90].mkv,149
1727984440,12,S01E01-EMBER,/home/bosse/Videos/Anime/Log Horizon S01 1080p Dual Audio BDRip 10 bits DD x265-EMBER/S01E01-The Apocalypse [0E093C90].mkv,149
1727984461,12,S01E01-EMBER,/home/bosse/Videos/Anime/Log Horizon S01 1080p Dual Audio BDRip 10 bits DD x265-EMBER/S01E01-The Apocalypse [0E093C90].mkv,149
1727984542,12,S01E01-EMBER,/home/bosse/Videos/Anime/Log Horizon S01 1080p Dual Audio BDRip 10 bits DD x265-EMBER/S01E01-The Apocalypse [0E093C90].mkv,149
1727984583,12,S01E01-EMBER,/home/bosse/Videos/Anime/Log Horizon S01 1080p Dual Audio BDRip 10 bits DD x265-EMBER/S01E01-The Apocalypse [0E093C90].mkv,149
1727984754,12,S01E01-EMBER,/home/bosse/Videos/Anime/Log Horizon S01 1080p Dual Audio BDRip 10 bits DD x265-EMBER/S01E01-The Apocalypse [0E093C90].mkv,149
1727986704,12,S01E01-EMBER,/home/bosse/Videos/Anime/Log Horizon S01 1080p Dual Audio BDRip 10 bits DD x265-EMBER/S01E01-The Apocalypse [0E093C90].mkv,149
1727986736,,,/home/bosse/Videos/Anime/KS_ 626.mp4,49
1727986755,,,/home/bosse/Videos/Anime/[TJKS] 651-675/KS_ 651.mp4,64
1727986826,12,S01E01-EMBER,/home/bosse/Videos/Anime/Log Horizon S01 1080p Dual Audio BDRip 10 bits DD x265-EMBER/S01E01-The Apocalypse [0E093C90].mkv,149
1727986875,12,S01E01-EMBER,/home/bosse/Videos/Anime/Log Horizon S01 1080p Dual Audio BDRip 10 bits DD x265-EMBER/S01E01-The Apocalypse [0E093C90].mkv,149
1727986898,,,/home/bosse/Videos/Anime/[TJKS] 651-675/KS_ 651.mp4,64
1727986994,12,S01E01-EMBER,/home/bosse/Videos/Anime/Log Horizon S01 1080p Dual Audio BDRip 10 bits DD x265-EMBER/S01E01-The Apocalypse [0E093C90].mkv,149
1727986998,,,/home/bosse/Videos/Anime/[TJKS] 651-675/KS_ 651.mp4,64
1727987097,12,S01E01-EMBER,/home/bosse/Videos/Anime/Log Horizon S01 1080p Dual Audio BDRip 10 bits DD x265-EMBER/S01E01-The Apocalypse [0E093C90].mkv,149
1727987101,,,/home/bosse/Videos/Anime/[TJKS] 651-675/KS_ 651.mp4,64
1727987127,12,S01E01-EMBER,/home/bosse/Videos/Anime/Log Horizon S01 1080p Dual Audio BDRip 10 bits DD x265-EMBER/S01E01-The Apocalypse [0E093C90].mkv,149
1727987172,,,/home/bosse/Videos/Anime/other/[NekoPoi]_Dropout_-_01_[720P].mp4,77
1727987236,12,S01E01-EMBER,/home/bosse/Videos/Anime/Log Horizon S01 1080p Dual Audio BDRip 10 bits DD x265-EMBER/S01E01-The Apocalypse [0E093C90].mkv,149
1727987243,,,/home/bosse/Videos/Anime/other/[NekoPoi]_Dropout_-_01_[720P].mp4,77
1727987312,12,S01E01-EMBER,/home/bosse/Videos/Anime/Log Horizon S01 1080p Dual Audio BDRip 10 bits DD x265-EMBER/S01E01-The Apocalypse [0E093C90].mkv,149
1727987368,12,S01E01-EMBER,/home/bosse/Videos/Anime/Log Horizon S01 1080p Dual Audio BDRip 10 bits DD x265-EMBER/S01E01-The Apocalypse [0E093C90].mkv,149
1727987544,12,S01E01-EMBER,/home/bosse/Videos/Anime/Log Horizon S01 1080p Dual Audio BDRip 10 bits DD x265-EMBER/S01E01-The Apocalypse [0E093C90].mkv,149
1727987930,,,/home/bosse/Videos/Anime/[TJKS] 651-675/KS_ 651.mp4,64
1727988319,12,S01E01-EMBER,/home/bosse/Videos/Anime/Log Horizon S01 1080p Dual Audio BDRip 10 bits DD x265-EMBER/S01E01-The Apocalypse [0E093C90].mkv,149
1727988321,,,/home/bosse/Videos/Anime/[TJKS] 651-675/KS_ 651.mp4,64
1727988358,12,S01E01-EMBER,/home/bosse/Videos/Anime/Log Horizon S01 1080p Dual Audio BDRip 10 bits DD x265-EMBER/S01E01-The Apocalypse [0E093C90].mkv,149
1727988359,,,/home/bosse/Videos/Anime/[TJKS] 651-675/KS_ 651.mp4,64
1727988454,12,S01E01-EMBER,/home/bosse/Videos/Anime/Log Horizon S01 1080p Dual Audio BDRip 10 bits DD x265-EMBER/S01E01-The Apocalypse [0E093C90].mkv,149
1727988456,,,/home/bosse/Videos/Anime/[TJKS] 651-675/KS_ 651.mp4,64
1727988616,12,S01E01-EMBER,/home/bosse/Videos/Anime/Log Horizon S01 1080p Dual Audio BDRip 10 bits DD x265-EMBER/S01E01-The Apocalypse [0E093C90].mkv,149
1727988620,,,/home/bosse/Videos/Anime/[TJKS] 651-675/KS_ 651.mp4,64
1727989004,12,S01E01-EMBER,/home/bosse/Videos/Anime/Log Horizon S01 1080p Dual Audio BDRip 10 bits DD x265-EMBER/S01E01-The Apocalypse [0E093C90].mkv,149
1727989014,,,/home/bosse/Videos/Movies/Her (2013) (1080p BluRay x265 HEVC 10bit AAC 5.1 afm72)/Her (2013) (1080p BluRay x265 afm72).mkv,135
1727991741,,,/home/bosse/Videos/Anime/KS_ 626.mp4,49
1727992053,,,/home/bosse/Videos/Anime/[TJKS] 651-675/KS_ 651.mp4,64
1727992078,,,/home/bosse/Videos/Anime/KS_ 626.mp4,49
1727992859,,,/home/bosse/Videos/Anime/[TJKS] 651-675/KS_ 651.mp4,64
1727992993,26,[Nekonime] One Piece - 652,/home/bosse/Videos/Anime/[TJKS] 651-675/KS_ 652.mkv,92
1727999800,26,[Nekonime] One Piece - 652,/home/bosse/Videos/Anime/[TJKS] 651-675/KS_ 652.mkv,92
1727999821,26,[Nekonime] One Piece - 652,/home/bosse/Videos/Anime/[TJKS] 651-675/KS_ 652.mkv,92
1728000209,26,[Nekonime] One Piece - 652,/home/bosse/Videos/Anime/[TJKS] 651-675/KS_ 652.mkv,92
1728000226,26,[Nekonime] One Piece - 652,/home/bosse/Videos/Anime/[TJKS] 651-675/KS_ 652.mkv,92
1728001046,,,/home/bosse/Videos/Movies/Her (2013) (1080p BluRay x265 HEVC 10bit AAC 5.1 afm72)/Her (2013) (1080p BluRay x265 afm72).mkv,135
1728001939,,,/home/bosse/Videos/Anime/[TJKS] 651-675/KS_ 651.mp4,64
1728002013,,,/home/bosse/Videos/Anime/[TJKS] 651-675/KS_ 651.mp4,64
1728070827,,,/home/bosse/Downloads/Ninja Assasin (2009) Subtitle Indonesia.ia.mp4,81
1728070873,,,/home/bosse/Downloads/Ninja Assasin (2009) Subtitle Indonesia.ia.mp4,81
1728072101,,,/home/bosse/Videos/Anime/[TJKS] 651-675/KS_ 651.mp4,64
1728072244,44,The.Flash.S01.720p.BluRay.x264.299MB-PaHe.in,/home/bosse/Videos/Movies/Batchindo_Flsh S1 16 - 23/Batchindo_the.flash.s01e16.720p.bluray.x264.299mb.mkv,164
1728072817,44,The.Flash.S01.720p.BluRay.x264.299MB-PaHe.in,/home/bosse/Videos/Movies/Batchindo_Flsh S1 16 - 23/Batchindo_the.flash.s01e16.720p.bluray.x264.299mb.mkv,164
1728072847,44,The.Flash.S01.720p.BluRay.x264.299MB-PaHe.in,/home/bosse/Videos/Movies/Batchindo_Flsh S1 16 - 23/Batchindo_the.flash.s01e16.720p.bluray.x264.299mb.mkv,164
1728073094,44,The.Flash.S01.720p.BluRay.x264.299MB-PaHe.in,/home/bosse/Videos/Movies/Batchindo_Flsh S1 16 - 23/Batchindo_the.flash.s01e16.720p.bluray.x264.299mb.mkv,164
1728073113,44,The.Flash.S01.720p.BluRay.x264.299MB-PaHe.in,/home/bosse/Videos/Movies/Batchindo_Flsh S1 16 - 23/Batchindo_the.flash.s01e16.720p.bluray.x264.299mb.mkv,164
1728075834,44,The.Flash.S01.720p.BluRay.x264.299MB-PaHe.in,/home/bosse/Videos/Movies/Batchindo_Flsh S1 16 - 23/Batchindo_the.flash.s01e16.720p.bluray.x264.299mb.mkv,164
1728075882,44,The.Flash.S01.720p.BluRay.x264.299MB-PaHe.in,/home/bosse/Videos/Movies/Batchindo_Flsh S1 16 - 23/Batchindo_the.flash.s01e16.720p.bluray.x264.299mb.mkv,164
1728075979,44,The.Flash.S01.720p.BluRay.x264.299MB-PaHe.in,/home/bosse/Videos/Movies/Batchindo_Flsh S1 16 - 23/Batchindo_the.flash.s01e16.720p.bluray.x264.299mb.mkv,164
1728076017,44,The.Flash.S01.720p.BluRay.x264.299MB-PaHe.in,/home/bosse/Videos/Movies/Batchindo_Flsh S1 16 - 23/Batchindo_the.flash.s01e16.720p.bluray.x264.299mb.mkv,164
1728076022,44,The.Flash.S01.720p.BluRay.x264.299MB-PaHe.in,/home/bosse/Videos/Movies/Batchindo_Flsh S1 16 - 23/Batchindo_the.flash.s01e16.720p.bluray.x264.299mb.mkv,164
1728076042,44,The.Flash.S01.720p.BluRay.x264.299MB-PaHe.in,/home/bosse/Videos/Movies/Batchindo_Flsh S1 16 - 23/Batchindo_the.flash.s01e16.720p.bluray.x264.299mb.mkv,164
1728076446,44,The.Flash.S01.720p.BluRay.x264.299MB-PaHe.in,/home/bosse/Videos/Movies/Batchindo_Flsh S1 16 - 23/Batchindo_the.flash.s01e16.720p.bluray.x264.299mb.mkv,164
1728076453,,,/home/bosse/Videos/Anime/[TJKS] 651-675/KS_ 651.mp4,64
1728076479,,,/home/bosse/Videos/Anime/[TJKS] 651-675/KS_ 651.mp4,64
1728076557,,,/home/bosse/Videos/Anime/KS_ 626.mp4,49
1728076722,,,/home/bosse/Videos/Anime/KS_ 626.mp4,49
1728076764,,,/home/bosse/Videos/Anime/KS_ 626.mp4,49
1728076934,,,/home/bosse/Videos/Anime/KS_ 626.mp4,49
1728076991,,,/home/bosse/Videos/Anime/KS_ 626.mp4,49
1728077031,,,/home/bosse/Videos/Anime/KS_ 626.mp4,49
1728077082,,,/home/bosse/Videos/Anime/KS_ 626.mp4,49
1728077182,,,/home/bosse/Videos/Anime/KS_ 626.mp4,49
1728077191,,,/home/bosse/Videos/Anime/KS_ 626.mp4,49
1728077199,,,/home/bosse/Videos/Anime/KS_ 626.mp4,49
1728077255,,,/home/bosse/Videos/Anime/KS_ 626.mp4,49
1728077642,,,/home/bosse/Videos/Anime/KS_ 626.mp4,49
1728077725,35,[Ani-BD] Accel World - 01 [Blu-Ray],/home/bosse/Videos/Anime/Accel World/[Meownime.com] Accel World 01 (480p).mkv,127
1728077764,,,/home/bosse/Videos/Anime/other/[NekoPoi]_Dropout_-_01_[720P].mp4,77
1728077813,,,/home/bosse/Videos/Anime/other/[NekoPoi]_Dropout_-_01_[720P].mp4,77
1728077880,,,/home/bosse/Videos/Anime/other/[NekoPoi]_Dropout_-_01_[720P].mp4,77
1728077942,,,/home/bosse/Videos/Anime/other/[NekoPoi]_Dropout_-_01_[720P].mp4,77
1728078047,,,/home/bosse/Videos/Anime/other/[NekoPoi]_Dropout_-_01_[720P].mp4,77
1728079690,,,/home/bosse/Videos/Anime/KS_ 626.mp4,49
1728079912,,,/home/bosse/Videos/Anime/KS_ 626.mp4,49
1728079965,,,/home/bosse/Videos/Anime/KS_ 626.mp4,49
1728083436,,,/home/bosse/Videos/Anime/KS_ 626.mp4,49
1728083480,,,/home/bosse/Videos/Anime/KS_ 626.mp4,49
1728083869,,,/home/bosse/Videos/Anime/KS_ 626.mp4,49
1728084040,,,/home/bosse/Videos/Movies/Ninja Assasin (2009) Subtitle Indonesia.ia.mp4,85
1728084066,,,/home/bosse/Videos/Movies/Ninja Assasin (2009) Subtitle Indonesia.ia.mp4,85
1728084086,,,/home/bosse/Videos/Movies/Ninja Assasin (2009) Subtitle Indonesia.ia.mp4,85
1728084098,44,The.Flash.S01.720p.BluRay.x264.299MB-PaHe.in,/home/bosse/Videos/Movies/Batchindo_Flsh S1 16 - 23/Batchindo_the.flash.s01e16.720p.bluray.x264.299mb.mkv,164
1728084213,12,S01E01-EMBER,/home/bosse/Videos/Anime/Log Horizon S01 1080p Dual Audio BDRip 10 bits DD x265-EMBER/S01E01-The Apocalypse [0E093C90].mkv,149
1728084275,12,S01E01-EMBER,/home/bosse/Videos/Anime/Log Horizon S01 1080p Dual Audio BDRip 10 bits DD x265-EMBER/S01E01-The Apocalypse [0E093C90].mkv,149
1728084340,12,S01E01-EMBER,/home/bosse/Videos/Anime/Log Horizon S01 1080p Dual Audio BDRip 10 bits DD x265-EMBER/S01E01-The Apocalypse [0E093C90].mkv,149
1728084370,12,S01E01-EMBER,/home/bosse/Videos/Anime/Log Horizon S01 1080p Dual Audio BDRip 10 bits DD x265-EMBER/S01E01-The Apocalypse [0E093C90].mkv,149
1728084485,12,S01E01-EMBER,/home/bosse/Videos/Anime/Log Horizon S01 1080p Dual Audio BDRip 10 bits DD x265-EMBER/S01E01-The Apocalypse [0E093C90].mkv,149
1728085034,12,S01E01-EMBER,/home/bosse/Videos/Anime/Log Horizon S01 1080p Dual Audio BDRip 10 bits DD x265-EMBER/S01E01-The Apocalypse [0E093C90].mkv,149
1728085040,12,S01E01-EMBER,/home/bosse/Videos/Anime/Log Horizon S01 1080p Dual Audio BDRip 10 bits DD x265-EMBER/S01E01-The Apocalypse [0E093C90].mkv,149
1728085113,12,S01E01-EMBER,/home/bosse/Videos/Anime/Log Horizon S01 1080p Dual Audio BDRip 10 bits DD x265-EMBER/S01E01-The Apocalypse [0E093C90].mkv,149
1728085153,44,The.Flash.S01.720p.BluRay.x264.299MB-PaHe.in,/home/bosse/Videos/Movies/Batchindo_Flsh S1 16 - 23/Batchindo_the.flash.s01e16.720p.bluray.x264.299mb.mkv,164
1728085166,44,The.Flash.S01.720p.BluRay.x264.299MB-PaHe.in,/home/bosse/Videos/Movies/Batchindo_Flsh S1 16 - 23/Batchindo_the.flash.s01e17.720p.bluray.x264.299mb.mkv,164
1728085171,44,The.Flash.S01.720p.BluRay.x264.299MB-PaHe.in,/home/bosse/Videos/Movies/Batchindo_Flsh S1 16 - 23/Batchindo_the.flash.s01e18.720p.bluray.x264.299mb.mkv,164
1728085222,44,The.Flash.S01.720p.BluRay.x264.299MB-PaHe.in,/home/bosse/Videos/Movies/Batchindo_Flsh S1 16 - 23/Batchindo_the.flash.s01e19.720p.bluray.x264.299mb.mkv,164
1728085314,12,S01E01-EMBER,/home/bosse/Videos/Anime/Log Horizon S01 1080p Dual Audio BDRip 10 bits DD x265-EMBER/S01E01-The Apocalypse [0E093C90].mkv,149
1728085323,44,The.Flash.S01.720p.BluRay.x264.299MB-PaHe.in,/home/bosse/Videos/Movies/Batchindo_Flsh S1 16 - 23/Batchindo_the.flash.s01e19.720p.bluray.x264.299mb.mkv,164
1728085613,12,S01E01-EMBER,/home/bosse/Videos/Anime/Log Horizon S01 1080p Dual Audio BDRip 10 bits DD x265-EMBER/S01E01-The Apocalypse [0E093C90].mkv,149
1728085619,44,The.Flash.S01.720p.BluRay.x264.299MB-PaHe.in,/home/bosse/Videos/Movies/Batchindo_Flsh S1 16 - 23/Batchindo_the.flash.s01e19.720p.bluray.x264.299mb.mkv,164
1728085642,12,S01E01-EMBER,/home/bosse/Videos/Anime/Log Horizon S01 1080p Dual Audio BDRip 10 bits DD x265-EMBER/S01E01-The Apocalypse [0E093C90].mkv,149
1728085654,44,The.Flash.S01.720p.BluRay.x264.299MB-PaHe.in,/home/bosse/Videos/Movies/Batchindo_Flsh S1 16 - 23/Batchindo_the.flash.s01e19.720p.bluray.x264.299mb.mkv,164
1728085695,12,S01E01-EMBER,/home/bosse/Videos/Anime/Log Horizon S01 1080p Dual Audio BDRip 10 bits DD x265-EMBER/S01E01-The Apocalypse [0E093C90].mkv,149
1728085700,44,The.Flash.S01.720p.BluRay.x264.299MB-PaHe.in,/home/bosse/Videos/Movies/Batchindo_Flsh S1 16 - 23/Batchindo_the.flash.s01e19.720p.bluray.x264.299mb.mkv,164
1728085711,44,The.Flash.S01.720p.BluRay.x264.299MB-PaHe.in,/home/bosse/Videos/Movies/Batchindo_Flsh S1 16 - 23/Batchindo_the.flash.s01e19.720p.bluray.x264.299mb.mkv,164
1728085715,44,The.Flash.S01.720p.BluRay.x264.299MB-PaHe.in,/home/bosse/Videos/Movies/Batchindo_Flsh S1 16 - 23/Batchindo_the.flash.s01e19.720p.bluray.x264.299mb.mkv,164
1728085839,12,S01E01-EMBER,/home/bosse/Videos/Anime/Log Horizon S01 1080p Dual Audio BDRip 10 bits DD x265-EMBER/S01E01-The Apocalypse [0E093C90].mkv,149
1728085842,44,The.Flash.S01.720p.BluRay.x264.299MB-PaHe.in,/home/bosse/Videos/Movies/Batchindo_Flsh S1 16 - 23/Batchindo_the.flash.s01e19.720p.bluray.x264.299mb.mkv,164
1728085851,12,S01E01-EMBER,/home/bosse/Videos/Anime/Log Horizon S01 1080p Dual Audio BDRip 10 bits DD x265-EMBER/S01E01-The Apocalypse [0E093C90].mkv,149
1728085856,,,/home/bosse/Videos/Movies/Ninja Assasin (2009) Subtitle Indonesia.ia.mp4,85
1728085996,12,S01E01-EMBER,/home/bosse/Videos/Anime/Log Horizon S01 1080p Dual Audio BDRip 10 bits DD x265-EMBER/S01E01-The Apocalypse [0E093C90].mkv,149
1728085999,44,The.Flash.S01.720p.BluRay.x264.299MB-PaHe.in,/home/bosse/Videos/Movies/Batchindo_Flsh S1 16 - 23/Batchindo_the.flash.s01e19.720p.bluray.x264.299mb.mkv,164
1728086966,12,S01E01-EMBER,/home/bosse/Videos/Anime/Log Horizon S01 1080p Dual Audio BDRip 10 bits DD x265-EMBER/S01E01-The Apocalypse [0E093C90].mkv,149
1728086993,12,S01E01-EMBER,/home/bosse/Videos/Anime/Log Horizon S01 1080p Dual Audio BDRip 10 bits DD x265-EMBER/S01E01-The Apocalypse [0E093C90].mkv,149
1728087239,12,S01E01-EMBER,/home/bosse/Videos/Anime/Log Horizon S01 1080p Dual Audio BDRip 10 bits DD x265-EMBER/S01E01-The Apocalypse [0E093C90].mkv,149
1728089188,12,S01E01-EMBER,/home/bosse/Videos/Anime/Log Horizon S01 1080p Dual Audio BDRip 10 bits DD x265-EMBER/S01E01-The Apocalypse [0E093C90].mkv,149
1728089206,12,S01E01-EMBER,/home/bosse/Videos/Anime/Log Horizon S01 1080p Dual Audio BDRip 10 bits DD x265-EMBER/S01E01-The Apocalypse [0E093C90].mkv,149
1728089238,12,S01E01-EMBER,/home/bosse/Videos/Anime/Log Horizon S01 1080p Dual Audio BDRip 10 bits DD x265-EMBER/S01E01-The Apocalypse [0E093C90].mkv,149
1728089326,12,S01E01-EMBER,/home/bosse/Videos/Anime/Log Horizon S01 1080p Dual Audio BDRip 10 bits DD x265-EMBER/S01E01-The Apocalypse [0E093C90].mkv,149
1728089392,12,S01E01-EMBER,/home/bosse/Videos/Anime/Log Horizon S01 1080p Dual Audio BDRip 10 bits DD x265-EMBER/S01E01-The Apocalypse [0E093C90].mkv,149
1728090283,12,S01E01-EMBER,/home/bosse/Videos/Anime/Log Horizon S01 1080p Dual Audio BDRip 10 bits DD x265-EMBER/S01E01-The Apocalypse [0E093C90].mkv,149
1728090445,12,S01E01-EMBER,/home/bosse/Videos/Anime/Log Horizon S01 1080p Dual Audio BDRip 10 bits DD x265-EMBER/S01E01-The Apocalypse [0E093C90].mkv,149
1728090487,12,S01E01-EMBER,/home/bosse/Videos/Anime/Log Horizon S01 1080p Dual Audio BDRip 10 bits DD x265-EMBER/S01E01-The Apocalypse [0E093C90].mkv,149
